<?xml version="1.0" encoding="UTF-8"?>
<coverage generated="1618931904912" clover="3.2.0">
  <project timestamp="1618931904913" name="All files">
    <metrics statements="66" coveredstatements="51" conditionals="28" coveredconditionals="21" methods="19" coveredmethods="15" elements="113" coveredelements="87" complexity="0" loc="66" ncloc="66" packages="1" files="1" classes="1"/>
    <file name="utils.js" path="/home/anth/Tutorials/exercise/src/utils.js">
      <metrics statements="66" coveredstatements="51" conditionals="28" coveredconditionals="21" methods="19" coveredmethods="15"/>
      <line num="2" count="1" type="stmt"/>
      <line num="3" count="1" type="stmt"/>
      <line num="4" count="1" type="stmt"/>
      <line num="5" count="1" type="stmt"/>
      <line num="11" count="1" type="stmt"/>
      <line num="17" count="1" type="stmt"/>
      <line num="24" count="1" type="stmt"/>
      <line num="25" count="1" type="stmt"/>
      <line num="28" count="1" type="stmt"/>
      <line num="29" count="0" type="stmt"/>
      <line num="32" count="1" type="stmt"/>
      <line num="33" count="64" type="cond" truecount="2" falsecount="0"/>
      <line num="36" count="10" type="stmt"/>
      <line num="38" count="3" type="stmt"/>
      <line num="40" count="1" type="stmt"/>
      <line num="41" count="2" type="stmt"/>
      <line num="42" count="2" type="stmt"/>
      <line num="45" count="1" type="stmt"/>
      <line num="46" count="2" type="stmt"/>
      <line num="47" count="6" type="stmt"/>
      <line num="48" count="6" type="stmt"/>
      <line num="49" count="6" type="stmt"/>
      <line num="55" count="2" type="stmt"/>
      <line num="58" count="1" type="stmt"/>
      <line num="59" count="26" type="stmt"/>
      <line num="60" count="26" type="stmt"/>
      <line num="61" count="26" type="stmt"/>
      <line num="62" count="26" type="stmt"/>
      <line num="65" count="1" type="stmt"/>
      <line num="66" count="14" type="cond" truecount="2" falsecount="0"/>
      <line num="71" count="1" type="stmt"/>
      <line num="72" count="10" type="stmt"/>
      <line num="74" count="10" type="cond" truecount="2" falsecount="0"/>
      <line num="75" count="7" type="cond" truecount="2" falsecount="0"/>
      <line num="80" count="3" type="cond" truecount="1" falsecount="1"/>
      <line num="81" count="3" type="cond" truecount="1" falsecount="1"/>
      <line num="88" count="0" type="stmt"/>
      <line num="91" count="10" type="stmt"/>
      <line num="94" count="1" type="stmt"/>
      <line num="95" count="30" type="cond" truecount="4" falsecount="0"/>
      <line num="96" count="9" type="stmt"/>
      <line num="97" count="21" type="cond" truecount="4" falsecount="0"/>
      <line num="98" count="1" type="cond" truecount="3" falsecount="1"/>
      <line num="102" count="20" type="stmt"/>
      <line num="106" count="1" type="stmt"/>
      <line num="107" count="10" type="stmt"/>
      <line num="113" count="8" type="stmt"/>
      <line num="115" count="1" type="stmt"/>
      <line num="116" count="2" type="stmt"/>
      <line num="118" count="8" type="stmt"/>
      <line num="121" count="2" type="stmt"/>
      <line num="124" count="1" type="stmt"/>
      <line num="125" count="0" type="stmt"/>
      <line num="126" count="0" type="stmt"/>
      <line num="129" count="1" type="stmt"/>
      <line num="130" count="0" type="stmt"/>
      <line num="131" count="0" type="stmt"/>
      <line num="132" count="0" type="cond" truecount="0" falsecount="2"/>
      <line num="133" count="0" type="stmt"/>
      <line num="135" count="0" type="stmt"/>
      <line num="136" count="0" type="cond" truecount="0" falsecount="2"/>
      <line num="137" count="0" type="stmt"/>
      <line num="138" count="0" type="stmt"/>
      <line num="139" count="0" type="stmt"/>
      <line num="141" count="0" type="stmt"/>
      <line num="145" count="0" type="stmt"/>
    </file>
  </project>
</coverage>
