{"/home/anth/Tutorials/exercise/src/utils.js": {"path":"/home/anth/Tutorials/exercise/src/utils.js","statementMap":{"0":{"start":{"line":2,"column":15},"end":{"line":2,"column":207}},"1":{"start":{"line":3,"column":19},"end":{"line":3,"column":49}},"2":{"start":{"line":4,"column":22},"end":{"line":4,"column":34}},"3":{"start":{"line":5,"column":22},"end":{"line":10,"column":1}},"4":{"start":{"line":11,"column":23},"end":{"line":16,"column":1}},"5":{"start":{"line":17,"column":22},"end":{"line":22,"column":1}},"6":{"start":{"line":24,"column":20},"end":{"line":26,"column":1}},"7":{"start":{"line":25,"column":4},"end":{"line":25,"column":33}},"8":{"start":{"line":28,"column":21},"end":{"line":30,"column":1}},"9":{"start":{"line":29,"column":4},"end":{"line":29,"column":30}},"10":{"start":{"line":32,"column":17},"end":{"line":34,"column":1}},"11":{"start":{"line":33,"column":4},"end":{"line":33,"column":61}},"12":{"start":{"line":36,"column":20},"end":{"line":36,"column":53}},"13":{"start":{"line":36,"column":29},"end":{"line":36,"column":53}},"14":{"start":{"line":38,"column":23},"end":{"line":38,"column":59}},"15":{"start":{"line":38,"column":32},"end":{"line":38,"column":59}},"16":{"start":{"line":40,"column":31},"end":{"line":43,"column":1}},"17":{"start":{"line":41,"column":20},"end":{"line":41,"column":39}},"18":{"start":{"line":42,"column":4},"end":{"line":42,"column":40}},"19":{"start":{"line":45,"column":31},"end":{"line":56,"column":1}},"20":{"start":{"line":46,"column":19},"end":{"line":54,"column":6}},"21":{"start":{"line":47,"column":22},"end":{"line":47,"column":37}},"22":{"start":{"line":48,"column":38},"end":{"line":48,"column":73}},"23":{"start":{"line":49,"column":8},"end":{"line":53,"column":10}},"24":{"start":{"line":55,"column":4},"end":{"line":55,"column":20}},"25":{"start":{"line":58,"column":22},"end":{"line":63,"column":1}},"26":{"start":{"line":59,"column":20},"end":{"line":59,"column":41}},"27":{"start":{"line":60,"column":15},"end":{"line":60,"column":25}},"28":{"start":{"line":61,"column":4},"end":{"line":61,"column":69}},"29":{"start":{"line":62,"column":4},"end":{"line":62,"column":27}},"30":{"start":{"line":65,"column":36},"end":{"line":69,"column":1}},"31":{"start":{"line":66,"column":4},"end":{"line":68,"column":66}},"32":{"start":{"line":71,"column":29},"end":{"line":92,"column":1}},"33":{"start":{"line":72,"column":16},"end":{"line":72,"column":17}},"34":{"start":{"line":74,"column":4},"end":{"line":89,"column":5}},"35":{"start":{"line":75,"column":8},"end":{"line":79,"column":74}},"36":{"start":{"line":80,"column":11},"end":{"line":89,"column":5}},"37":{"start":{"line":81,"column":8},"end":{"line":86,"column":77}},"38":{"start":{"line":88,"column":8},"end":{"line":88,"column":37}},"39":{"start":{"line":91,"column":4},"end":{"line":91,"column":17}},"40":{"start":{"line":94,"column":20},"end":{"line":104,"column":1}},"41":{"start":{"line":95,"column":4},"end":{"line":103,"column":5}},"42":{"start":{"line":96,"column":8},"end":{"line":96,"column":53}},"43":{"start":{"line":97,"column":11},"end":{"line":103,"column":5}},"44":{"start":{"line":98,"column":8},"end":{"line":100,"column":69}},"45":{"start":{"line":102,"column":8},"end":{"line":102,"column":17}},"46":{"start":{"line":106,"column":35},"end":{"line":112,"column":1}},"47":{"start":{"line":107,"column":4},"end":{"line":111,"column":6}},"48":{"start":{"line":113,"column":22},"end":{"line":113,"column":59}},"49":{"start":{"line":113,"column":43},"end":{"line":113,"column":59}},"50":{"start":{"line":115,"column":30},"end":{"line":122,"column":1}},"51":{"start":{"line":116,"column":22},"end":{"line":120,"column":33}},"52":{"start":{"line":118,"column":12},"end":{"line":118,"column":44}},"53":{"start":{"line":121,"column":4},"end":{"line":121,"column":23}},"54":{"start":{"line":124,"column":17},"end":{"line":127,"column":1}},"55":{"start":{"line":125,"column":18},"end":{"line":125,"column":76}},"56":{"start":{"line":126,"column":4},"end":{"line":126,"column":25}},"57":{"start":{"line":129,"column":29},"end":{"line":148,"column":1}},"58":{"start":{"line":130,"column":4},"end":{"line":147,"column":7}},"59":{"start":{"line":131,"column":8},"end":{"line":146,"column":9}},"60":{"start":{"line":132,"column":12},"end":{"line":132,"column":52}},"61":{"start":{"line":132,"column":23},"end":{"line":132,"column":52}},"62":{"start":{"line":133,"column":28},"end":{"line":133,"column":44}},"63":{"start":{"line":135,"column":12},"end":{"line":143,"column":13}},"64":{"start":{"line":136,"column":16},"end":{"line":142,"column":17}},"65":{"start":{"line":137,"column":51},"end":{"line":137,"column":71}},"66":{"start":{"line":138,"column":31},"end":{"line":138,"column":56}},"67":{"start":{"line":139,"column":20},"end":{"line":139,"column":65}},"68":{"start":{"line":141,"column":20},"end":{"line":141,"column":50}},"69":{"start":{"line":145,"column":12},"end":{"line":145,"column":31}}},"fnMap":{"0":{"name":"(anonymous_0)","decl":{"start":{"line":24,"column":20},"end":{"line":24,"column":21}},"loc":{"start":{"line":24,"column":37},"end":{"line":26,"column":1}},"line":24},"1":{"name":"(anonymous_1)","decl":{"start":{"line":28,"column":21},"end":{"line":28,"column":22}},"loc":{"start":{"line":28,"column":32},"end":{"line":30,"column":1}},"line":28},"2":{"name":"(anonymous_2)","decl":{"start":{"line":32,"column":17},"end":{"line":32,"column":18}},"loc":{"start":{"line":32,"column":33},"end":{"line":34,"column":1}},"line":32},"3":{"name":"(anonymous_3)","decl":{"start":{"line":36,"column":20},"end":{"line":36,"column":21}},"loc":{"start":{"line":36,"column":29},"end":{"line":36,"column":53}},"line":36},"4":{"name":"(anonymous_4)","decl":{"start":{"line":38,"column":23},"end":{"line":38,"column":24}},"loc":{"start":{"line":38,"column":32},"end":{"line":38,"column":59}},"line":38},"5":{"name":"(anonymous_5)","decl":{"start":{"line":40,"column":31},"end":{"line":40,"column":32}},"loc":{"start":{"line":40,"column":45},"end":{"line":43,"column":1}},"line":40},"6":{"name":"(anonymous_6)","decl":{"start":{"line":45,"column":31},"end":{"line":45,"column":32}},"loc":{"start":{"line":45,"column":49},"end":{"line":56,"column":1}},"line":45},"7":{"name":"(anonymous_7)","decl":{"start":{"line":46,"column":47},"end":{"line":46,"column":48}},"loc":{"start":{"line":46,"column":56},"end":{"line":54,"column":5}},"line":46},"8":{"name":"(anonymous_8)","decl":{"start":{"line":58,"column":22},"end":{"line":58,"column":23}},"loc":{"start":{"line":58,"column":38},"end":{"line":63,"column":1}},"line":58},"9":{"name":"(anonymous_9)","decl":{"start":{"line":65,"column":36},"end":{"line":65,"column":37}},"loc":{"start":{"line":65,"column":55},"end":{"line":69,"column":1}},"line":65},"10":{"name":"(anonymous_10)","decl":{"start":{"line":71,"column":29},"end":{"line":71,"column":30}},"loc":{"start":{"line":71,"column":54},"end":{"line":92,"column":1}},"line":71},"11":{"name":"(anonymous_11)","decl":{"start":{"line":94,"column":20},"end":{"line":94,"column":21}},"loc":{"start":{"line":94,"column":45},"end":{"line":104,"column":1}},"line":94},"12":{"name":"(anonymous_12)","decl":{"start":{"line":106,"column":35},"end":{"line":106,"column":36}},"loc":{"start":{"line":106,"column":44},"end":{"line":112,"column":1}},"line":106},"13":{"name":"(anonymous_13)","decl":{"start":{"line":113,"column":22},"end":{"line":113,"column":23}},"loc":{"start":{"line":113,"column":43},"end":{"line":113,"column":59}},"line":113},"14":{"name":"(anonymous_14)","decl":{"start":{"line":115,"column":30},"end":{"line":115,"column":31}},"loc":{"start":{"line":115,"column":40},"end":{"line":122,"column":1}},"line":115},"15":{"name":"(anonymous_15)","decl":{"start":{"line":117,"column":13},"end":{"line":117,"column":14}},"loc":{"start":{"line":117,"column":22},"end":{"line":119,"column":9}},"line":117},"16":{"name":"(anonymous_16)","decl":{"start":{"line":124,"column":17},"end":{"line":124,"column":18}},"loc":{"start":{"line":124,"column":48},"end":{"line":127,"column":1}},"line":124},"17":{"name":"(anonymous_17)","decl":{"start":{"line":129,"column":29},"end":{"line":129,"column":30}},"loc":{"start":{"line":129,"column":39},"end":{"line":148,"column":1}},"line":129},"18":{"name":"(anonymous_18)","decl":{"start":{"line":130,"column":30},"end":{"line":130,"column":31}},"loc":{"start":{"line":130,"column":47},"end":{"line":147,"column":5}},"line":130}},"branchMap":{"0":{"loc":{"start":{"line":33,"column":11},"end":{"line":33,"column":60}},"type":"binary-expr","locations":[{"start":{"line":33,"column":11},"end":{"line":33,"column":33}},{"start":{"line":33,"column":37},"end":{"line":33,"column":60}}],"line":33},"1":{"loc":{"start":{"line":66,"column":11},"end":{"line":68,"column":65}},"type":"cond-expr","locations":[{"start":{"line":67,"column":10},"end":{"line":67,"column":54}},{"start":{"line":68,"column":10},"end":{"line":68,"column":65}}],"line":66},"2":{"loc":{"start":{"line":74,"column":4},"end":{"line":89,"column":5}},"type":"if","locations":[{"start":{"line":74,"column":4},"end":{"line":89,"column":5}},{"start":{"line":74,"column":4},"end":{"line":89,"column":5}}],"line":74},"3":{"loc":{"start":{"line":75,"column":17},"end":{"line":79,"column":73}},"type":"cond-expr","locations":[{"start":{"line":76,"column":14},"end":{"line":78,"column":35}},{"start":{"line":79,"column":14},"end":{"line":79,"column":73}}],"line":75},"4":{"loc":{"start":{"line":80,"column":11},"end":{"line":89,"column":5}},"type":"if","locations":[{"start":{"line":80,"column":11},"end":{"line":89,"column":5}},{"start":{"line":80,"column":11},"end":{"line":89,"column":5}}],"line":80},"5":{"loc":{"start":{"line":81,"column":17},"end":{"line":86,"column":76}},"type":"cond-expr","locations":[{"start":{"line":82,"column":14},"end":{"line":85,"column":38}},{"start":{"line":86,"column":14},"end":{"line":86,"column":76}}],"line":81},"6":{"loc":{"start":{"line":95,"column":4},"end":{"line":103,"column":5}},"type":"if","locations":[{"start":{"line":95,"column":4},"end":{"line":103,"column":5}},{"start":{"line":95,"column":4},"end":{"line":103,"column":5}}],"line":95},"7":{"loc":{"start":{"line":95,"column":8},"end":{"line":95,"column":63}},"type":"binary-expr","locations":[{"start":{"line":95,"column":8},"end":{"line":95,"column":33}},{"start":{"line":95,"column":37},"end":{"line":95,"column":63}}],"line":95},"8":{"loc":{"start":{"line":97,"column":11},"end":{"line":103,"column":5}},"type":"if","locations":[{"start":{"line":97,"column":11},"end":{"line":103,"column":5}},{"start":{"line":97,"column":11},"end":{"line":103,"column":5}}],"line":97},"9":{"loc":{"start":{"line":97,"column":15},"end":{"line":97,"column":71}},"type":"binary-expr","locations":[{"start":{"line":97,"column":15},"end":{"line":97,"column":40}},{"start":{"line":97,"column":44},"end":{"line":97,"column":71}}],"line":97},"10":{"loc":{"start":{"line":98,"column":15},"end":{"line":100,"column":68}},"type":"cond-expr","locations":[{"start":{"line":99,"column":14},"end":{"line":99,"column":55}},{"start":{"line":100,"column":14},"end":{"line":100,"column":68}}],"line":98},"11":{"loc":{"start":{"line":98,"column":15},"end":{"line":98,"column":74}},"type":"binary-expr","locations":[{"start":{"line":98,"column":15},"end":{"line":98,"column":40}},{"start":{"line":98,"column":44},"end":{"line":98,"column":74}}],"line":98},"12":{"loc":{"start":{"line":132,"column":12},"end":{"line":132,"column":52}},"type":"if","locations":[{"start":{"line":132,"column":12},"end":{"line":132,"column":52}},{"start":{"line":132,"column":12},"end":{"line":132,"column":52}}],"line":132},"13":{"loc":{"start":{"line":136,"column":16},"end":{"line":142,"column":17}},"type":"if","locations":[{"start":{"line":136,"column":16},"end":{"line":142,"column":17}},{"start":{"line":136,"column":16},"end":{"line":142,"column":17}}],"line":136}},"s":{"0":1,"1":1,"2":1,"3":1,"4":1,"5":1,"6":1,"7":1,"8":1,"9":0,"10":1,"11":64,"12":1,"13":10,"14":1,"15":3,"16":1,"17":2,"18":2,"19":1,"20":2,"21":6,"22":6,"23":6,"24":2,"25":1,"26":26,"27":26,"28":26,"29":26,"30":1,"31":14,"32":1,"33":10,"34":10,"35":7,"36":3,"37":3,"38":0,"39":10,"40":1,"41":30,"42":9,"43":21,"44":1,"45":20,"46":1,"47":10,"48":1,"49":8,"50":1,"51":2,"52":8,"53":2,"54":1,"55":0,"56":0,"57":1,"58":0,"59":0,"60":0,"61":0,"62":0,"63":0,"64":0,"65":0,"66":0,"67":0,"68":0,"69":0},"f":{"0":1,"1":0,"2":64,"3":10,"4":3,"5":2,"6":2,"7":6,"8":26,"9":14,"10":10,"11":30,"12":10,"13":8,"14":2,"15":8,"16":0,"17":0,"18":0},"b":{"0":[64,46],"1":[13,1],"2":[7,3],"3":[1,6],"4":[3,0],"5":[0,3],"6":[9,21],"7":[30,10],"8":[1,20],"9":[21,1],"10":[1,0],"11":[1,1],"12":[0,0],"13":[0,0]},"_coverageSchema":"1a1c01bbd47fc00a2c39e90264f33305004495a9","hash":"f7983eb4e00e74eba2a34058ac056d86eb86556c"}
}
