TN:
SF:src/utils.js
FN:24,(anonymous_0)
FN:28,(anonymous_1)
FN:32,(anonymous_2)
FN:36,(anonymous_3)
FN:38,(anonymous_4)
FN:40,(anonymous_5)
FN:45,(anonymous_6)
FN:46,(anonymous_7)
FN:58,(anonymous_8)
FN:65,(anonymous_9)
FN:71,(anonymous_10)
FN:94,(anonymous_11)
FN:106,(anonymous_12)
FN:113,(anonymous_13)
FN:115,(anonymous_14)
FN:117,(anonymous_15)
FN:124,(anonymous_16)
FN:129,(anonymous_17)
FN:130,(anonymous_18)
FNF:19
FNH:15
FNDA:1,(anonymous_0)
FNDA:0,(anonymous_1)
FNDA:64,(anonymous_2)
FNDA:10,(anonymous_3)
FNDA:3,(anonymous_4)
FNDA:2,(anonymous_5)
FNDA:2,(anonymous_6)
FNDA:6,(anonymous_7)
FNDA:26,(anonymous_8)
FNDA:14,(anonymous_9)
FNDA:10,(anonymous_10)
FNDA:30,(anonymous_11)
FNDA:10,(anonymous_12)
FNDA:8,(anonymous_13)
FNDA:2,(anonymous_14)
FNDA:8,(anonymous_15)
FNDA:0,(anonymous_16)
FNDA:0,(anonymous_17)
FNDA:0,(anonymous_18)
DA:2,1
DA:3,1
DA:4,1
DA:5,1
DA:11,1
DA:17,1
DA:24,1
DA:25,1
DA:28,1
DA:29,0
DA:32,1
DA:33,64
DA:36,10
DA:38,3
DA:40,1
DA:41,2
DA:42,2
DA:45,1
DA:46,2
DA:47,6
DA:48,6
DA:49,6
DA:55,2
DA:58,1
DA:59,26
DA:60,26
DA:61,26
DA:62,26
DA:65,1
DA:66,14
DA:71,1
DA:72,10
DA:74,10
DA:75,7
DA:80,3
DA:81,3
DA:88,0
DA:91,10
DA:94,1
DA:95,30
DA:96,9
DA:97,21
DA:98,1
DA:102,20
DA:106,1
DA:107,10
DA:113,8
DA:115,1
DA:116,2
DA:118,8
DA:121,2
DA:124,1
DA:125,0
DA:126,0
DA:129,1
DA:130,0
DA:131,0
DA:132,0
DA:133,0
DA:135,0
DA:136,0
DA:137,0
DA:138,0
DA:139,0
DA:141,0
DA:145,0
LF:66
LH:51
BRDA:33,0,0,64
BRDA:33,0,1,46
BRDA:66,1,0,13
BRDA:66,1,1,1
BRDA:74,2,0,7
BRDA:74,2,1,3
BRDA:75,3,0,1
BRDA:75,3,1,6
BRDA:80,4,0,3
BRDA:80,4,1,0
BRDA:81,5,0,0
BRDA:81,5,1,3
BRDA:95,6,0,9
BRDA:95,6,1,21
BRDA:95,7,0,30
BRDA:95,7,1,10
BRDA:97,8,0,1
BRDA:97,8,1,20
BRDA:97,9,0,21
BRDA:97,9,1,1
BRDA:98,10,0,1
BRDA:98,10,1,0
BRDA:98,11,0,1
BRDA:98,11,1,1
BRDA:132,12,0,0
BRDA:132,12,1,0
BRDA:136,13,0,0
BRDA:136,13,1,0
BRF:28
BRH:21
end_of_record
